<?xml version="1.0" encoding="utf-8"?><testsuites name="pytest tests"><testsuite name="pytest" errors="0" failures="1" skipped="0" tests="38" time="50.648" timestamp="2026-04-28T18:06:02.817801+00:00" hostname="agent-env-66b0cbee-0b13-4bcc-af0a-2461f39d3e5e"><testcase classname="backend.tests.backend_test" name="test_health" time="0.235" /><testcase classname="backend.tests.backend_test.TestAuth" name="test_login_admin" time="0.290" /><testcase classname="backend.tests.backend_test.TestAuth" name="test_login_invalid" time="0.051" /><testcase classname="backend.tests.backend_test.TestAuth" name="test_me" time="0.363" /><testcase classname="backend.tests.backend_test.TestAuth" name="test_refresh" time="0.050" /><testcase classname="backend.tests.backend_test.TestClients" name="test_list" time="0.058" /><testcase classname="backend.tests.backend_test.TestClients" name="test_create" time="0.058" /><testcase classname="backend.tests.backend_test.TestClients" name="test_search" time="0.060" /><testcase classname="backend.tests.backend_test.TestClients" name="test_patch" time="0.137" /><testcase classname="backend.tests.backend_test.TestClients" name="test_soft_delete" time="0.118" /><testcase classname="backend.tests.backend_test.TestPipeline" name="test_board" time="0.291" /><testcase classname="backend.tests.backend_test.TestPipeline" name="test_move_and_interaction" time="0.176" /><testcase classname="backend.tests.backend_test.TestContracts" name="test_list_and_create" time="0.236" /><testcase classname="backend.tests.backend_test.TestOrders" name="test_list_and_advance" time="0.216" /><testcase classname="backend.tests.backend_test" name="test_products" time="0.070" /><testcase classname="backend.tests.backend_test" name="test_logistics" time="0.117" /><testcase classname="backend.tests.backend_test" name="test_support" time="0.069" /><testcase classname="backend.tests.backend_test" name="test_dashboard" time="0.066" /><testcase classname="backend.tests.backend_test.TestAI" name="test_marketing" time="25.086" /><testcase classname="backend.tests.backend_test.TestAI" name="test_sales" time="10.625" /><testcase classname="backend.tests.backend_test.TestAI" name="test_channel_chat" time="4.087" /><testcase classname="backend.tests.backend_test.TestSync" name="test_info" time="0.074" /><testcase classname="backend.tests.backend_test.TestSync" name="test_pull" time="0.066" /><testcase classname="backend.tests.backend_test.TestSync" name="test_push" time="0.063" /><testcase classname="backend.tests.backend_test.TestIntegrations" name="test_connectors" time="0.055"><failure message="assert ('sap' in &quot;{'vendor': 'oracle', 'name': 'oracle ebs', 'topics': ['contracts.*', 'orders.*'], 'endpoint': 'http://localhost:8001/api/integrations/_simulator/oracle', 'enabled': true, 'transport': ['rest', 'webhook']} {'vendor': 'siagri', 'name': 'siagri agribusiness', 'topics': ['clients.*', 'contracts.*', 'orders.*', 'cargas.*'], 'endpoint': 'http://localhost:8001/api/integrations/_simulator/siagri', 'enabled': true, 'transport': ['rest', 'webhook']} {'vendor': 'sap', 'name': 'sap s/4hana', 'topics': ['clients.*', 'contracts.*', 'orders.*'], 'endpoint': 'https://agro-crm-preview.preview.emergentagent.com/api/integrations/_simulator/sap', 'enabled': true, 'transport': ['rest', 'webhook']}&quot; and 'oracle' in &quot;{'vendor': 'oracle', 'name': 'oracle ebs', 'topics': ['contracts.*', 'orders.*'], 'endpoint': 'http://localhost:8001/api/integrations/_simulator/oracle', 'enabled': true, 'transport': ['rest', 'webhook']} {'vendor': 'siagri', 'name': 'siagri agribusiness', 'topics': ['clients.*', 'contracts.*', 'orders.*', 'cargas.*'], 'endpoint': 'http://localhost:8001/api/integrations/_simulator/siagri', 'enabled': true, 'transport': ['rest', 'webhook']} {'vendor': 'sap', 'name': 'sap s/4hana', 'topics': ['clients.*', 'contracts.*', 'orders.*'], 'endpoint': 'https://agro-crm-preview.preview.emergentagent.com/api/integrations/_simulator/sap', 'enabled': true, 'transport': ['rest', 'webhook']}&quot; and ('totvs' in &quot;{'vendor': 'oracle', 'name': 'oracle ebs', 'topics': ['contracts.*', 'orders.*'], 'endpoint': 'http://localhost:8001/api/integrations/_simulator/oracle', 'enabled': true, 'transport': ['rest', 'webhook']} {'vendor': 'siagri', 'name': 'siagri agribusiness', 'topics': ['clients.*', 'contracts.*', 'orders.*', 'cargas.*'], 'endpoint': 'http://localhost:8001/api/integrations/_simulator/siagri', 'enabled': true, 'transport': ['rest', 'webhook']} {'vendor': 'sap', 'name': 'sap s/4hana', 'topics': ['clients.*', 'contracts.*', 'orders.*'], 'endpoint': 'https://agro-crm-preview.preview.emergentagent.com/api/integrations/_simulator/sap', 'enabled': true, 'transport': ['rest', 'webhook']}&quot; or 'protheus' in &quot;{'vendor': 'oracle', 'name': 'oracle ebs', 'topics': ['contracts.*', 'orders.*'], 'endpoint': 'http://localhost:8001/api/integrations/_simulator/oracle', 'enabled': true, 'transport': ['rest', 'webhook']} {'vendor': 'siagri', 'name': 'siagri agribusiness', 'topics': ['clients.*', 'contracts.*', 'orders.*', 'cargas.*'], 'endpoint': 'http://localhost:8001/api/integrations/_simulator/siagri', 'enabled': true, 'transport': ['rest', 'webhook']} {'vendor': 'sap', 'name': 'sap s/4hana', 'topics': ['clients.*', 'contracts.*', 'orders.*'], 'endpoint': 'https://agro-crm-preview.preview.emergentagent.com/api/integrations/_simulator/sap', 'enabled': true, 'transport': ['rest', 'webhook']}&quot;))">E   assert ('sap' in "{'vendor': 'oracle', 'name': 'oracle ebs', 'topics': ['contracts.*', 'orders.*'], 'endpoint': 'http://localhost:8001/api/integrations/_simulator/oracle', 'enabled': true, 'transport': ['rest', 'webhook']} {'vendor': 'siagri', 'name': 'siagri agribusiness', 'topics': ['clients.*', 'contracts.*', 'orders.*', 'cargas.*'], 'endpoint': 'http://localhost:8001/api/integrations/_simulator/siagri', 'enabled': true, 'transport': ['rest', 'webhook']} {'vendor': 'sap', 'name': 'sap s/4hana', 'topics': ['clients.*', 'contracts.*', 'orders.*'], 'endpoint': 'https://agro-crm-preview.preview.emergentagent.com/api/integrations/_simulator/sap', 'enabled': true, 'transport': ['rest', 'webhook']}" and 'oracle' in "{'vendor': 'oracle', 'name': 'oracle ebs', 'topics': ['contracts.*', 'orders.*'], 'endpoint': 'http://localhost:8001/api/integrations/_simulator/oracle', 'enabled': true, 'transport': ['rest', 'webhook']} {'vendor': 'siagri', 'name': 'siagri agribusiness', 'topics': ['clients.*', 'contracts.*', 'orders.*', 'cargas.*'], 'endpoint': 'http://localhost:8001/api/integrations/_simulator/siagri', 'enabled': true, 'transport': ['rest', 'webhook']} {'vendor': 'sap', 'name': 'sap s/4hana', 'topics': ['clients.*', 'contracts.*', 'orders.*'], 'endpoint': 'https://agro-crm-preview.preview.emergentagent.com/api/integrations/_simulator/sap', 'enabled': true, 'transport': ['rest', 'webhook']}" and ('totvs' in "{'vendor': 'oracle', 'name': 'oracle ebs', 'topics': ['contracts.*', 'orders.*'], 'endpoint': 'http://localhost:8001/api/integrations/_simulator/oracle', 'enabled': true, 'transport': ['rest', 'webhook']} {'vendor': 'siagri', 'name': 'siagri agribusiness', 'topics': ['clients.*', 'contracts.*', 'orders.*', 'cargas.*'], 'endpoint': 'http://localhost:8001/api/integrations/_simulator/siagri', 'enabled': true, 'transport': ['rest', 'webhook']} {'vendor': 'sap', 'name': 'sap s/4hana', 'topics': ['clients.*', 'contracts.*', 'orders.*'], 'endpoint': 'https://agro-crm-preview.preview.emergentagent.com/api/integrations/_simulator/sap', 'enabled': true, 'transport': ['rest', 'webhook']}" or 'protheus' in "{'vendor': 'oracle', 'name': 'oracle ebs', 'topics': ['contracts.*', 'orders.*'], 'endpoint': 'http://localhost:8001/api/integrations/_simulator/oracle', 'enabled': true, 'transport': ['rest', 'webhook']} {'vendor': 'siagri', 'name': 'siagri agribusiness', 'topics': ['clients.*', 'contracts.*', 'orders.*', 'cargas.*'], 'endpoint': 'http://localhost:8001/api/integrations/_simulator/siagri', 'enabled': true, 'transport': ['rest', 'webhook']} {'vendor': 'sap', 'name': 'sap s/4hana', 'topics': ['clients.*', 'contracts.*', 'orders.*'], 'endpoint': 'https://agro-crm-preview.preview.emergentagent.com/api/integrations/_simulator/sap', 'enabled': true, 'transport': ['rest', 'webhook']}"))</failure></testcase><testcase classname="backend.tests.backend_test.TestIntegrations" name="test_webhook" time="0.055" /><testcase classname="backend.tests.backend_test" name="test_audit" time="0.307" /><testcase classname="backend.tests.test_erp_integrations.TestConnectors" name="test_list_connectors" time="1.593" /><testcase classname="backend.tests.test_erp_integrations.TestConnectors" name="test_test_connector_sap" time="0.297" /><testcase classname="backend.tests.test_erp_integrations.TestConnectors" name="test_configure_admin" time="0.136" /><testcase classname="backend.tests.test_erp_integrations.TestConnectors" name="test_configure_forbidden_for_trader" time="0.524" /><testcase classname="backend.tests.test_erp_integrations.TestConnectors" name="test_simulator_public" time="1.173" /><testcase classname="backend.tests.test_erp_integrations.TestOutboxFlow" name="test_create_client_emits_event_to_outbox" time="2.171" /><testcase classname="backend.tests.test_erp_integrations.TestOutboxFlow" name="test_deliveries_for_client_event" time="0.054" /><testcase classname="backend.tests.test_erp_integrations.TestOutboxFlow" name="test_create_contract_dispatches_to_all_three" time="1.238" /><testcase classname="backend.tests.test_erp_integrations.TestOutboxFlow" name="test_siagri_simulator_log_has_pt_fields" time="0.068" /><testcase classname="backend.tests.test_erp_integrations.TestOutboxFlow" name="test_outbox_retry" time="0.168" /><testcase classname="backend.tests.test_erp_integrations.TestOutboxFlow" name="test_outbox_counters" time="0.056" /></testsuite></testsuites>