<?xml version="1.0" encoding="utf-8"?><testsuites name="pytest tests"><testsuite name="pytest" errors="0" failures="0" skipped="0" tests="11" time="7.265" timestamp="2026-04-28T18:05:50.774465+00:00" hostname="agent-env-66b0cbee-0b13-4bcc-af0a-2461f39d3e5e"><testcase classname="backend.tests.test_erp_integrations.TestConnectors" name="test_list_connectors" time="1.530" /><testcase classname="backend.tests.test_erp_integrations.TestConnectors" name="test_test_connector_sap" time="0.091" /><testcase classname="backend.tests.test_erp_integrations.TestConnectors" name="test_configure_admin" time="0.102" /><testcase classname="backend.tests.test_erp_integrations.TestConnectors" name="test_configure_forbidden_for_trader" time="0.542" /><testcase classname="backend.tests.test_erp_integrations.TestConnectors" name="test_simulator_public" time="0.112" /><testcase classname="backend.tests.test_erp_integrations.TestOutboxFlow" name="test_create_client_emits_event_to_outbox" time="2.160" /><testcase classname="backend.tests.test_erp_integrations.TestOutboxFlow" name="test_deliveries_for_client_event" time="0.051" /><testcase classname="backend.tests.test_erp_integrations.TestOutboxFlow" name="test_create_contract_dispatches_to_all_three" time="2.281" /><testcase classname="backend.tests.test_erp_integrations.TestOutboxFlow" name="test_siagri_simulator_log_has_pt_fields" time="0.060" /><testcase classname="backend.tests.test_erp_integrations.TestOutboxFlow" name="test_outbox_retry" time="0.113" /><testcase classname="backend.tests.test_erp_integrations.TestOutboxFlow" name="test_outbox_counters" time="0.055" /></testsuite></testsuites>