<?xml version="1.0" encoding="utf-8"?><testsuites name="pytest tests"><testsuite name="pytest" errors="0" failures="1" skipped="0" tests="27" time="40.945" timestamp="2026-04-28T17:46:10.777327+00:00" hostname="agent-env-66b0cbee-0b13-4bcc-af0a-2461f39d3e5e"><testcase classname="backend.tests.backend_test" name="test_health" time="0.195" /><testcase classname="backend.tests.backend_test.TestAuth" name="test_login_admin" time="0.785" /><testcase classname="backend.tests.backend_test.TestAuth" name="test_login_invalid" time="0.071" /><testcase classname="backend.tests.backend_test.TestAuth" name="test_me" time="0.128" /><testcase classname="backend.tests.backend_test.TestAuth" name="test_refresh" time="0.052" /><testcase classname="backend.tests.backend_test.TestClients" name="test_list" time="0.070" /><testcase classname="backend.tests.backend_test.TestClients" name="test_create" time="0.060" /><testcase classname="backend.tests.backend_test.TestClients" name="test_search" time="0.052" /><testcase classname="backend.tests.backend_test.TestClients" name="test_patch" time="0.117" /><testcase classname="backend.tests.backend_test.TestClients" name="test_soft_delete" time="0.131" /><testcase classname="backend.tests.backend_test.TestPipeline" name="test_board" time="0.066" /><testcase classname="backend.tests.backend_test.TestPipeline" name="test_move_and_interaction" time="0.215"><failure message="AssertionError: {&quot;detail&quot;:[{&quot;type&quot;:&quot;missing&quot;,&quot;loc&quot;:[&quot;body&quot;,&quot;notes&quot;],&quot;msg&quot;:&quot;Field required&quot;,&quot;input&quot;:{&quot;type&quot;:&quot;note&quot;,&quot;content&quot;:&quot;TEST_note&quot;}}]}&#10;assert 422 in (200, 201)&#10; +  where 422 = &lt;Response [422]&gt;.status_code">backend/tests/backend_test.py:189: in test_move_and_interaction
    assert r2.status_code in (200, 201), r2.text
E   AssertionError: {"detail":[{"type":"missing","loc":["body","notes"],"msg":"Field required","input":{"type":"note","content":"TEST_note"}}]}
E   assert 422 in (200, 201)
E    +  where 422 = &lt;Response [422]&gt;.status_code</failure></testcase><testcase classname="backend.tests.backend_test.TestContracts" name="test_list_and_create" time="0.277" /><testcase classname="backend.tests.backend_test.TestOrders" name="test_list_and_advance" time="0.215" /><testcase classname="backend.tests.backend_test" name="test_products" time="0.070" /><testcase classname="backend.tests.backend_test" name="test_logistics" time="0.127" /><testcase classname="backend.tests.backend_test" name="test_support" time="0.057" /><testcase classname="backend.tests.backend_test" name="test_dashboard" time="0.068" /><testcase classname="backend.tests.backend_test.TestAI" name="test_marketing" time="25.520" /><testcase classname="backend.tests.backend_test.TestAI" name="test_sales" time="9.997" /><testcase classname="backend.tests.backend_test.TestAI" name="test_channel_chat" time="2.127" /><testcase classname="backend.tests.backend_test.TestSync" name="test_info" time="0.058" /><testcase classname="backend.tests.backend_test.TestSync" name="test_pull" time="0.064" /><testcase classname="backend.tests.backend_test.TestSync" name="test_push" time="0.057" /><testcase classname="backend.tests.backend_test.TestIntegrations" name="test_connectors" time="0.060" /><testcase classname="backend.tests.backend_test.TestIntegrations" name="test_webhook" time="0.107" /><testcase classname="backend.tests.backend_test" name="test_audit" time="0.073" /></testsuite></testsuites>